<?xml version="1.0" encoding="UTF-8"?>
<testng-results ignored="0" total="1" passed="1" failed="0" skipped="0">
  <reporter-output>
  </reporter-output>
  <suite started-at="2024-02-11T23:47:03 IST" name="Default suite" finished-at="2024-02-11T23:47:04 IST" duration-ms="400">
    <groups>
    </groups>
    <test started-at="2024-02-11T23:47:03 IST" name="Default test" finished-at="2024-02-11T23:47:04 IST" duration-ms="400">
      <class name="jenkinsTest.Prog1">
        <test-method signature="jenkins()[pri:0, instance:jenkinsTest.Prog1@7b9a4292]" started-at="2024-02-11T23:47:04 IST" name="jenkins" finished-at="2024-02-11T23:47:04 IST" duration-ms="16" status="PASS">
          <reporter-output>
          </reporter-output>
        </test-method> <!-- jenkins -->
      </class> <!-- jenkinsTest.Prog1 -->
    </test> <!-- Default test -->
  </suite> <!-- Default suite -->
</testng-results>
