<?xml version="1.0" encoding="UTF-8"?>
<!-- Generated by org.testng.reporters.JUnitXMLReporter -->
<testsuite ignored="2" hostname="LAPTOP-FNHVNRNU" failures="0" tests="3" name="Test" time="0.066" errors="0" timestamp="2022-10-03T00:54:02 IST">
  <testcase classname="TestNG.Prog2" name="pyspider" time="0.01"/>
  <testcase classname="TestNG.Prog2" name="qspider" time="0.001"/>
  <testcase classname="TestNG.Prog3" name="school" time="0.002"/>
  <testcase classname="TestNG.Prog3" name="college" time="0.0">
    <ignored/>
  </testcase> <!-- college -->
  <testcase classname="TestNG.Prog2" name="jspider" time="0.0">
    <ignored/>
  </testcase> <!-- jspider -->
</testsuite> <!-- Test -->
