<?xml version="1.0" encoding="UTF-8"?>
<!-- Generated by org.testng.reporters.JUnitXMLReporter -->
<testsuite ignored="0" hostname="LAPTOP-FNHVNRNU" failures="0" tests="8" name="Test1" time="0.101" errors="0" timestamp="2022-10-03T22:06:07 IST">
  <testcase classname="TestNG.Prog1" name="ausaf" time="0.01"/>
  <testcase classname="TestNG.Prog1" name="dosa" time="0.001"/>
  <testcase classname="TestNG.Prog1" name="dosa" time="0.002"/>
  <testcase classname="TestNG.Prog1" name="dosa" time="0.001"/>
  <testcase classname="TestNG.Prog1" name="skip" time="0.001"/>
  <testcase classname="TestNG.Prog1" name="amarkirani" time="0.001"/>
  <testcase classname="TestNG.Prog1" name="amar" time="0.001"/>
  <testcase classname="TestNG.Prog1" name="birvijay" time="0.001"/>
</testsuite> <!-- Test1 -->
