<?xml version="1.0" encoding="UTF-8"?>
<testng-results ignored="0" total="1" passed="1" failed="0" skipped="0">
  <reporter-output>
  </reporter-output>
  <suite started-at="2022-10-10T01:25:10 IST" name="Default suite" finished-at="2022-10-10T01:25:36 IST" duration-ms="25782">
    <groups>
    </groups>
    <test started-at="2022-10-10T01:25:10 IST" name="Default test" finished-at="2022-10-10T01:25:36 IST" duration-ms="25782">
      <class name="GenericProduct.createProduct">
        <test-method is-config="true" signature="BS()[pri:0, instance:GenericProduct.createProduct@290222c1]" started-at="2022-10-10T01:25:10 IST" name="BS" finished-at="2022-10-10T01:25:10 IST" duration-ms="7" status="PASS">
          <reporter-output>
          </reporter-output>
        </test-method> <!-- BS -->
        <test-method is-config="true" signature="BT()[pri:0, instance:GenericProduct.createProduct@290222c1]" started-at="2022-10-10T01:25:10 IST" name="BT" finished-at="2022-10-10T01:25:10 IST" duration-ms="0" status="PASS">
          <reporter-output>
          </reporter-output>
        </test-method> <!-- BT -->
        <test-method is-config="true" signature="BC()[pri:0, instance:GenericProduct.createProduct@290222c1]" started-at="2022-10-10T01:25:10 IST" name="BC" finished-at="2022-10-10T01:25:17 IST" duration-ms="6998" status="PASS">
          <reporter-output>
          </reporter-output>
        </test-method> <!-- BC -->
        <test-method is-config="true" signature="BM()[pri:0, instance:GenericProduct.createProduct@290222c1]" started-at="2022-10-10T01:25:17 IST" name="BM" finished-at="2022-10-10T01:25:22 IST" duration-ms="4687" status="PASS">
          <reporter-output>
          </reporter-output>
        </test-method> <!-- BM -->
        <test-method signature="product()[pri:0, instance:GenericProduct.createProduct@290222c1]" started-at="2022-10-10T01:25:22 IST" name="product" finished-at="2022-10-10T01:25:36 IST" duration-ms="14045" status="PASS">
          <reporter-output>
          </reporter-output>
        </test-method> <!-- product -->
        <test-method is-config="true" signature="AM()[pri:0, instance:GenericProduct.createProduct@290222c1]" started-at="2022-10-10T01:25:36 IST" name="AM" finished-at="2022-10-10T01:25:36 IST" duration-ms="1" status="PASS">
          <reporter-output>
          </reporter-output>
        </test-method> <!-- AM -->
        <test-method is-config="true" signature="AC()[pri:0, instance:GenericProduct.createProduct@290222c1]" started-at="2022-10-10T01:25:36 IST" name="AC" finished-at="2022-10-10T01:25:36 IST" duration-ms="0" status="PASS">
          <reporter-output>
          </reporter-output>
        </test-method> <!-- AC -->
        <test-method is-config="true" signature="AT()[pri:0, instance:GenericProduct.createProduct@290222c1]" started-at="2022-10-10T01:25:36 IST" name="AT" finished-at="2022-10-10T01:25:36 IST" duration-ms="0" status="PASS">
          <reporter-output>
          </reporter-output>
        </test-method> <!-- AT -->
        <test-method is-config="true" signature="AS()[pri:0, instance:GenericProduct.createProduct@290222c1]" started-at="2022-10-10T01:25:36 IST" name="AS" finished-at="2022-10-10T01:25:36 IST" duration-ms="0" status="PASS">
          <reporter-output>
          </reporter-output>
        </test-method> <!-- AS -->
      </class> <!-- GenericProduct.createProduct -->
    </test> <!-- Default test -->
  </suite> <!-- Default suite -->
</testng-results>
