<?xml version="1.0" encoding="UTF-8"?>
<!-- Generated by org.testng.reporters.JUnitXMLReporter -->
<testsuite ignored="5" hostname="LAPTOP-FNHVNRNU" failures="0" tests="1" name="Test" time="25.173" errors="0" timestamp="2022-08-15T22:17:48 IST">
  <testcase classname="com.crm.sdet.campaign.CampaignTest" name="createCampaign" time="14.722"/>
  <testcase classname="com.crm.sdet.product.ProductTest" name="createProduct" time="0.0">
    <ignored/>
  </testcase> <!-- createProduct -->
  <testcase classname="com.crm.Generic_Utility.BaseClass" name="@BeforeTest BT" time="0.0">
    <ignored/>
  </testcase> <!-- @BeforeTest BT -->
  <testcase classname="com.crm.Generic_Utility.BaseClass" name="@AfterSuite AS" time="0.0">
    <ignored/>
  </testcase> <!-- @AfterSuite AS -->
  <testcase classname="com.crm.Generic_Utility.BaseClass" name="@BeforeSuite BS" time="0.0">
    <ignored/>
  </testcase> <!-- @BeforeSuite BS -->
  <testcase classname="com.crm.Generic_Utility.BaseClass" name="@AfterTest AT" time="0.0">
    <ignored/>
  </testcase> <!-- @AfterTest AT -->
</testsuite> <!-- Test -->
