<?xml version="1.0" encoding="UTF-8"?>
<testng-results ignored="0" total="1" passed="1" failed="0" skipped="0">
  <reporter-output>
  </reporter-output>
  <suite started-at="2023-11-27T22:58:19 IST" name="Default suite" finished-at="2023-11-27T22:59:59 IST" duration-ms="100572">
    <groups>
    </groups>
    <test started-at="2023-11-27T22:58:19 IST" name="Default test" finished-at="2023-11-27T22:59:59 IST" duration-ms="100572">
      <class name="dummy1.practiceTest">
        <test-method signature="demoTest()[pri:0, instance:dummy1.practiceTest@3835c46]" started-at="2023-11-27T22:58:19 IST" name="demoTest" finished-at="2023-11-27T22:59:59 IST" duration-ms="100491" status="PASS">
          <reporter-output>
          </reporter-output>
        </test-method> <!-- demoTest -->
      </class> <!-- dummy1.practiceTest -->
    </test> <!-- Default test -->
  </suite> <!-- Default suite -->
</testng-results>
