<?xml version="1.0" encoding="UTF-8"?>
<testng-results ignored="0" total="1" passed="1" failed="0" skipped="0">
  <reporter-output>
  </reporter-output>
  <suite started-at="2022-08-16T17:09:15 IST" name="Default suite" finished-at="2022-08-16T17:09:34 IST" duration-ms="18603">
    <groups>
    </groups>
    <test started-at="2022-08-16T17:09:15 IST" name="Default test" finished-at="2022-08-16T17:09:34 IST" duration-ms="18603">
      <class name="Prcatice.BC">
        <test-method signature="demo()[pri:0, instance:Prcatice.BC@1e6454ec]" started-at="2022-08-16T17:09:15 IST" name="demo" finished-at="2022-08-16T17:09:34 IST" duration-ms="18560" status="PASS">
          <reporter-output>
          </reporter-output>
        </test-method> <!-- demo -->
      </class> <!-- Prcatice.BC -->
    </test> <!-- Default test -->
  </suite> <!-- Default suite -->
</testng-results>
