<?xml version="1.0" encoding="UTF-8"?>
<testng-results ignored="0" total="1" passed="1" failed="0" skipped="0">
  <reporter-output>
  </reporter-output>
  <suite started-at="2024-02-11T19:37:00 IST" name="Default suite" finished-at="2024-02-11T19:37:04 IST" duration-ms="4266">
    <groups>
    </groups>
    <test started-at="2024-02-11T19:37:00 IST" name="Default test" finished-at="2024-02-11T19:37:04 IST" duration-ms="4266">
      <class name="Authentication.BearerAuth">
        <test-method signature="bearerToken()[pri:0, instance:Authentication.BearerAuth@7b9a4292]" started-at="2024-02-11T19:37:00 IST" name="bearerToken" finished-at="2024-02-11T19:37:04 IST" duration-ms="4189" status="PASS">
          <reporter-output>
          </reporter-output>
        </test-method> <!-- bearerToken -->
      </class> <!-- Authentication.BearerAuth -->
    </test> <!-- Default test -->
  </suite> <!-- Default suite -->
</testng-results>
