<?xml version="1.0" encoding="UTF-8"?>
<!-- Generated by org.testng.reporters.JUnitXMLReporter -->
<testsuite ignored="0" hostname="LAPTOP-FNHVNRNU" failures="1" tests="1" name="Test" time="41.433" errors="0" timestamp="2022-10-09T21:46:27 IST">
  <testcase classname="GenericCampaign.createCampaign" name="campaign" time="23.018">
    <failure type="java.lang.AssertionError" message="expected [true] but found [false]">
      <![CDATA[java.lang.AssertionError: expected [true] but found [false]
at GenericCampaign.createCampaign.campaign(createCampaign.java:25)
at java.base/java.util.ArrayList.forEach(ArrayList.java:1511)
... Removed 33 stack frames]]>
    </failure>
  </testcase> <!-- campaign -->
</testsuite> <!-- Test -->
