<?xml version="1.0" encoding="UTF-8"?>
<!-- Generated by org.testng.reporters.JUnitXMLReporter -->
<testsuite ignored="0" hostname="LAPTOP-FNHVNRNU" failures="0" tests="6" name="Test1" time="0.061" errors="0" timestamp="2022-12-28T21:39:39 IST">
  <testcase classname="TestNG.Flag" name="flag5" time="0.006"/>
  <testcase classname="TestNG.Flag" name="flag1" time="0.002"/>
  <testcase classname="TestNG.Flag" name="flag1" time="0.003"/>
  <testcase classname="TestNG.Flag" name="flag2" time="0.001"/>
  <testcase classname="TestNG.Flag" name="flag3" time="0.002"/>
  <testcase classname="TestNG.Flag" name="flag4" time="0.002"/>
</testsuite> <!-- Test1 -->
