<?xml version="1.0" encoding="UTF-8"?>
<!-- Generated by org.testng.reporters.JUnitXMLReporter -->
<testsuite ignored="0" hostname="LAPTOP-FNHVNRNU" failures="0" tests="6" name="Default test" time="0.063" errors="0" timestamp="2023-09-10T14:52:33 IST">
  <testcase classname="TestNG.Flag" name="flag5" time="0.007"/>
  <testcase classname="TestNG.Flag" name="flag1" time="0.001"/>
  <testcase classname="TestNG.Flag" name="flag1" time="0.001"/>
  <testcase classname="TestNG.Flag" name="flag2" time="0.001"/>
  <testcase classname="TestNG.Flag" name="flag3" time="0.002"/>
  <testcase classname="TestNG.Flag" name="flag4" time="0.001"/>
</testsuite> <!-- Default test -->
