<?xml version="1.0" encoding="UTF-8"?>
<testng-results ignored="0" total="1" passed="1" failed="0" skipped="0">
  <reporter-output>
  </reporter-output>
  <suite started-at="2022-11-17T00:30:46 IST" name="Default suite" finished-at="2022-11-17T00:31:21 IST" duration-ms="35681">
    <groups>
    </groups>
    <test started-at="2022-11-17T00:30:46 IST" name="Default test" finished-at="2022-11-17T00:31:21 IST" duration-ms="35681">
      <class name="com.vtiger.modules.Product">
        <test-method is-config="true" signature="BS()[pri:0, instance:com.vtiger.modules.Product@201a4587]" started-at="2022-11-17T00:30:46 IST" name="BS" finished-at="2022-11-17T00:30:46 IST" duration-ms="16" status="PASS">
          <reporter-output>
          </reporter-output>
        </test-method> <!-- BS -->
        <test-method is-config="true" signature="BT()[pri:0, instance:com.vtiger.modules.Product@201a4587]" started-at="2022-11-17T00:30:46 IST" name="BT" finished-at="2022-11-17T00:30:46 IST" duration-ms="5" status="PASS">
          <reporter-output>
          </reporter-output>
        </test-method> <!-- BT -->
        <test-method is-config="true" signature="BC()[pri:0, instance:com.vtiger.modules.Product@201a4587]" started-at="2022-11-17T00:30:46 IST" name="BC" finished-at="2022-11-17T00:30:50 IST" duration-ms="4594" status="PASS">
          <reporter-output>
          </reporter-output>
        </test-method> <!-- BC -->
        <test-method is-config="true" signature="BM()[pri:0, instance:com.vtiger.modules.Product@201a4587]" started-at="2022-11-17T00:30:50 IST" name="BM" finished-at="2022-11-17T00:30:57 IST" duration-ms="6613" status="PASS">
          <reporter-output>
          </reporter-output>
        </test-method> <!-- BM -->
        <test-method signature="createProduct()[pri:0, instance:com.vtiger.modules.Product@201a4587]" started-at="2022-11-17T00:30:57 IST" name="createProduct" finished-at="2022-11-17T00:31:18 IST" duration-ms="21295" status="PASS">
          <reporter-output>
          </reporter-output>
        </test-method> <!-- createProduct -->
        <test-method is-config="true" signature="AM()[pri:0, instance:com.vtiger.modules.Product@201a4587]" started-at="2022-11-17T00:31:18 IST" name="AM" finished-at="2022-11-17T00:31:20 IST" duration-ms="1835" status="PASS">
          <reporter-output>
          </reporter-output>
        </test-method> <!-- AM -->
        <test-method is-config="true" signature="AC()[pri:0, instance:com.vtiger.modules.Product@201a4587]" started-at="2022-11-17T00:31:20 IST" name="AC" finished-at="2022-11-17T00:31:21 IST" duration-ms="1283" status="PASS">
          <reporter-output>
          </reporter-output>
        </test-method> <!-- AC -->
        <test-method is-config="true" signature="AT()[pri:0, instance:com.vtiger.modules.Product@201a4587]" started-at="2022-11-17T00:31:21 IST" name="AT" finished-at="2022-11-17T00:31:21 IST" duration-ms="0" status="PASS">
          <reporter-output>
          </reporter-output>
        </test-method> <!-- AT -->
        <test-method is-config="true" signature="RemoveDatabase()[pri:0, instance:com.vtiger.modules.Product@201a4587]" started-at="2022-11-17T00:31:22 IST" name="RemoveDatabase" finished-at="2022-11-17T00:31:22 IST" duration-ms="1" status="PASS">
          <reporter-output>
          </reporter-output>
        </test-method> <!-- RemoveDatabase -->
      </class> <!-- com.vtiger.modules.Product -->
    </test> <!-- Default test -->
  </suite> <!-- Default suite -->
</testng-results>
