<?xml version="1.0" encoding="UTF-8"?>
<testng-results ignored="0" total="1" passed="0" failed="1" skipped="0">
  <reporter-output>
    <line>
      <![CDATA[===disconnect to database===]]>
    </line>
  </reporter-output>
  <suite started-at="2022-12-05T22:10:22 IST" name="Default suite" finished-at="2022-12-05T22:10:25 IST" duration-ms="2959">
    <groups>
    </groups>
    <test started-at="2022-12-05T22:10:22 IST" name="Default test" finished-at="2022-12-05T22:10:25 IST" duration-ms="2959">
      <class name="FrameWorkMethods.post">
        <test-method is-config="true" signature="BS()[pri:0, instance:FrameWorkMethods.post@2fd1433e]" started-at="2022-12-05T22:10:20 IST" name="BS" finished-at="2022-12-05T22:10:22 IST" duration-ms="1140" status="PASS">
          <reporter-output>
          </reporter-output>
        </test-method> <!-- BS -->
        <test-method signature="post()[pri:0, instance:FrameWorkMethods.post@2fd1433e]" started-at="2022-12-05T22:10:22 IST" name="post" finished-at="2022-12-05T22:10:25 IST" duration-ms="2908" status="FAIL">
          <exception class="java.lang.NullPointerException">
            <message>
              <![CDATA[Cannot invoke "String.equalsIgnoreCase(String)" because "expData" is null]]>
            </message>
            <full-stacktrace>
              <![CDATA[java.lang.NullPointerException: Cannot invoke "String.equalsIgnoreCase(String)" because "expData" is null
at com.RestPractice.GenericLibaray.DataBaseConnection.executeQueryReturnData(DataBaseConnection.java:44)
at FrameWorkMethods.post.post(post.java:39)
at java.base/jdk.internal.reflect.NativeMethodAccessorImpl.invoke0(Native Method)
at java.base/jdk.internal.reflect.NativeMethodAccessorImpl.invoke(NativeMethodAccessorImpl.java:78)
at java.base/jdk.internal.reflect.DelegatingMethodAccessorImpl.invoke(DelegatingMethodAccessorImpl.java:43)
at java.base/java.lang.reflect.Method.invoke(Method.java:567)
at org.testng.internal.MethodInvocationHelper.invokeMethod(MethodInvocationHelper.java:133)
at org.testng.internal.TestInvoker.invokeMethod(TestInvoker.java:598)
at org.testng.internal.TestInvoker.invokeTestMethod(TestInvoker.java:173)
at org.testng.internal.MethodRunner.runInSequence(MethodRunner.java:46)
at org.testng.internal.TestInvoker$MethodInvocationAgent.invoke(TestInvoker.java:824)
at org.testng.internal.TestInvoker.invokeTestMethods(TestInvoker.java:146)
at org.testng.internal.TestMethodWorker.invokeTestMethods(TestMethodWorker.java:146)
at org.testng.internal.TestMethodWorker.run(TestMethodWorker.java:128)
at java.base/java.util.ArrayList.forEach(ArrayList.java:1511)
at org.testng.TestRunner.privateRun(TestRunner.java:794)
at org.testng.TestRunner.run(TestRunner.java:596)
at org.testng.SuiteRunner.runTest(SuiteRunner.java:377)
at org.testng.SuiteRunner.runSequentially(SuiteRunner.java:371)
at org.testng.SuiteRunner.privateRun(SuiteRunner.java:332)
at org.testng.SuiteRunner.run(SuiteRunner.java:276)
at org.testng.SuiteRunnerWorker.runSuite(SuiteRunnerWorker.java:53)
at org.testng.SuiteRunnerWorker.run(SuiteRunnerWorker.java:96)
at org.testng.TestNG.runSuitesSequentially(TestNG.java:1212)
at org.testng.TestNG.runSuitesLocally(TestNG.java:1134)
at org.testng.TestNG.runSuites(TestNG.java:1063)
at org.testng.TestNG.run(TestNG.java:1031)
at org.testng.remote.AbstractRemoteTestNG.run(AbstractRemoteTestNG.java:115)
at org.testng.remote.RemoteTestNG.initAndRun(RemoteTestNG.java:251)
at org.testng.remote.RemoteTestNG.main(RemoteTestNG.java:77)
]]>
            </full-stacktrace>
          </exception> <!-- java.lang.NullPointerException -->
          <reporter-output>
          </reporter-output>
        </test-method> <!-- post -->
        <test-method is-config="true" signature="AS()[pri:0, instance:FrameWorkMethods.post@2fd1433e]" started-at="2022-12-05T22:10:25 IST" name="AS" finished-at="2022-12-05T22:10:25 IST" duration-ms="26" status="PASS">
          <reporter-output>
            <line>
              <![CDATA[===disconnect to database===]]>
            </line>
          </reporter-output>
        </test-method> <!-- AS -->
      </class> <!-- FrameWorkMethods.post -->
    </test> <!-- Default test -->
  </suite> <!-- Default suite -->
</testng-results>
