<?xml version="1.0" encoding="UTF-8"?>
<!-- Generated by org.testng.reporters.JUnitXMLReporter -->
<testsuite ignored="1" hostname="DESKTOP-GOLSP1H" failures="1" tests="2" name="Test1" time="0.09" errors="0" timestamp="2024-02-06T23:53:10 IST">
  <testcase classname="TestNG.Lead" name="Leads" time="0.017">
    <failure type="java.lang.NullPointerException" message="Cannot invoke &amp;quot;org.openqa.selenium.WebDriver.findElement(org.openqa.selenium.By)&amp;quot; because &amp;quot;this.driver&amp;quot; is null">
      <![CDATA[java.lang.NullPointerException: Cannot invoke "org.openqa.selenium.WebDriver.findElement(org.openqa.selenium.By)" because "this.driver" is null
at TestNG.Lead.Leads(Lead.java:19)
at java.base/java.util.ArrayList.forEach(ArrayList.java:1511)
at java.base/java.util.concurrent.FutureTask.run(FutureTask.java:264)
at java.base/java.util.concurrent.ThreadPoolExecutor.runWorker(ThreadPoolExecutor.java:1136)
at java.base/java.util.concurrent.ThreadPoolExecutor$Worker.run(ThreadPoolExecutor.java:635)
at java.base/java.lang.Thread.run(Thread.java:833)
... Removed 17 stack frames]]>
    </failure>
  </testcase> <!-- Leads -->
  <testcase classname="TestNG.gpt" name="verifyHomePageTitle" time="0.004"/>
  <testcase classname="TestNG.gpt" name="verifyHomePageContent" time="0.0">
    <ignored/>
  </testcase> <!-- verifyHomePageContent -->
</testsuite> <!-- Test1 -->
