<?xml version="1.0" encoding="UTF-8"?>
<!-- Generated by org.testng.reporters.JUnitXMLReporter -->
<testsuite ignored="2" hostname="LAPTOP-FNHVNRNU" failures="0" tests="3" name="Test" time="31.906" errors="0" timestamp="2023-09-10T18:13:18 IST">
  <testcase classname="TestNgProgramms.Three" name="FB" time="11.0"/>
  <testcase classname="TestNgProgramms.Second" name="Cashora" time="20.843"/>
  <testcase classname="TestNgProgramms.Second" name="myntra" time="0.002"/>
  <testcase classname="TestNgProgramms.First" name="Cashora" time="0.0">
    <ignored/>
  </testcase> <!-- Cashora -->
  <testcase classname="TestNgProgramms.First" name="google" time="0.0">
    <ignored/>
  </testcase> <!-- google -->
</testsuite> <!-- Test -->
