<?xml version="1.0" encoding="UTF-8"?>
<!-- Generated by org.testng.reporters.JUnitXMLReporter -->
<testsuite ignored="0" hostname="LAPTOP-FNHVNRNU" failures="0" tests="4" name="test2" time="0.086" errors="0" timestamp="2022-11-16T21:21:17 IST">
  <testcase classname="TestNG.Testing2" name="Apple" time="0.011"/>
  <testcase classname="TestNG.Testing2" name="Techno" time="0.001"/>
  <testcase classname="TestNG.Testing2" name="viivo" time="0.002"/>
  <testcase classname="TestNG.Testing2" name="xiomi" time="0.001"/>
</testsuite> <!-- test2 -->
