<?xml version="1.0" encoding="UTF-8"?>
<!-- Generated by org.testng.reporters.JUnitXMLReporter -->
<testsuite ignored="4" hostname="LAPTOP-FNHVNRNU" failures="0" tests="3" name="Test" time="0.068" errors="0" timestamp="2022-11-16T16:39:14 IST">
  <testcase classname="TestNG.Testing" name="cde" time="0.01"/>
  <testcase classname="TestNG.Testing" name="zabc" time="0.001"/>
  <testcase classname="TestNG.Testing2" name="Apple" time="0.001"/>
  <testcase classname="TestNG.Testing2" name="viivo" time="0.0">
    <ignored/>
  </testcase> <!-- viivo -->
  <testcase classname="TestNG.Testing2" name="Techno" time="0.0">
    <ignored/>
  </testcase> <!-- Techno -->
  <testcase classname="TestNG.Testing" name="bcd" time="0.0">
    <ignored/>
  </testcase> <!-- bcd -->
  <testcase classname="TestNG.Testing2" name="xiomi" time="0.0">
    <ignored/>
  </testcase> <!-- xiomi -->
</testsuite> <!-- Test -->
